#
# There is insufficient memory for the Java Runtime Environment to continue.
# Native memory allocation (malloc) failed to allocate 1125936 bytes. Error detail: Chunk::new
# Possible reasons:
#   The system is out of physical RAM or swap space
#   This process is running with CompressedOops enabled, and the Java Heap may be blocking the growth of the native heap
# Possible solutions:
#   Reduce memory load on the system
#   Increase physical memory or swap space
#   Check if swap backing store is full
#   Decrease Java heap size (-Xmx/-Xms)
#   Decrease number of Java threads
#   Decrease Java thread stack sizes (-Xss)
#   Set larger code cache with -XX:ReservedCodeCacheSize=
#   JVM is running with Unscaled Compressed Oops mode in which the Java heap is
#     placed in the first 4GB address space. The Java Heap base address is the
#     maximum limit for the native heap growth. Please use -XX:HeapBaseMinAddress
#     to set the Java Heap base and to place the Java Heap above 4GB virtual address.
# This output file may be truncated or incomplete.
#
#  Out of Memory Error (arena.cpp:168), pid=29360, tid=8220
#
# JRE version: OpenJDK Runtime Environment Temurin-21.0.6+7 (21.0.6+7) (build 21.0.6+7-LTS)
# Java VM: OpenJDK 64-Bit Server VM Temurin-21.0.6+7 (21.0.6+7-LTS, mixed mode, sharing, tiered, compressed oops, compressed class ptrs, parallel gc, windows-amd64)
# No core dump will be written. Minidumps are not enabled by default on client versions of Windows
#

---------------  S U M M A R Y ------------

Command Line: --add-modules=ALL-SYSTEM --add-opens=java.base/java.util=ALL-UNNAMED --add-opens=java.base/java.lang=ALL-UNNAMED --add-opens=java.base/sun.nio.fs=ALL-UNNAMED -Declipse.application=org.eclipse.jdt.ls.core.id1 -Dosgi.bundles.defaultStartLevel=4 -Declipse.product=org.eclipse.jdt.ls.core.product -Djava.import.generatesMetadataFilesAtProjectRoot=false -DDetectVMInstallationsJob.disabled=true -Dfile.encoding=utf8 -XX:+UseParallelGC -XX:GCTimeRatio=4 -XX:AdaptiveSizePolicyWeight=90 -Dsun.zip.disableMemoryMapping=true -Xmx1G -Xms100m -Xlog:disable -javaagent:c:\Users\parim\.vscode\extensions\redhat.java-1.40.0-win32-x64\lombok\lombok-1.18.36.jar c:\Users\parim\.vscode\extensions\redhat.java-1.40.0-win32-x64\server\plugins\org.eclipse.equinox.launcher_1.6.1000.v20250131-0606.jar -configuration c:\Users\parim\AppData\Roaming\Code\User\globalStorage\redhat.java\1.40.0\config_ss_win -data c:\Users\parim\AppData\Roaming\Code\User\workspaceStorage\9768184ae2d1a726a8e8038e39d8abdd\redhat.java\ss_ws --pipe=\\.\pipe\lsp-8e7f5a1f55f547472ac3436ae5d1983b-sock

Host: 11th Gen Intel(R) Core(TM) i5-1135G7 @ 2.40GHz, 8 cores, 15G,  Windows 11 , 64 bit Build 26100 (10.0.26100.3323)
Time: Fri Mar 14 20:59:49 2025 India Standard Time elapsed time: 67.163066 seconds (0d 0h 1m 7s)

---------------  T H R E A D  ---------------

Current thread (0x000002d957af5560):  JavaThread "C2 CompilerThread1" daemon [_thread_in_native, id=8220, stack(0x000000e7e2900000,0x000000e7e2a00000) (1024K)]


Current CompileTask:
C2:67163 6570   !   4       org.eclipse.jdt.internal.compiler.classfmt.ClassFileReader::<init> (2135 bytes)

Stack: [0x000000e7e2900000,0x000000e7e2a00000]
Native frames: (J=compiled Java code, j=interpreted, Vv=VM code, C=native code)
V  [jvm.dll+0x6cdee9]
V  [jvm.dll+0x8a83d1]
V  [jvm.dll+0x8aa8fe]
V  [jvm.dll+0x8aafe3]
V  [jvm.dll+0x27f706]
V  [jvm.dll+0xc500d]
V  [jvm.dll+0xc5543]
V  [jvm.dll+0x3b6752]
V  [jvm.dll+0x382935]
V  [jvm.dll+0x381d9a]
V  [jvm.dll+0x2479f0]
V  [jvm.dll+0x246fcf]
V  [jvm.dll+0x1c75ee]
V  [jvm.dll+0x25685a]
V  [jvm.dll+0x254dfa]
V  [jvm.dll+0x3f0256]
V  [jvm.dll+0x851f8b]
V  [jvm.dll+0x6cc5ed]
C  [ucrtbase.dll+0x37b0]
C  [KERNEL32.DLL+0x2e8d7]
C  [ntdll.dll+0xbbf6c]


---------------  P R O C E S S  ---------------

Threads class SMR info:
_java_thread_list=0x000002d9596bb500, length=49, elements={
0x000002d97af3e8e0, 0x000002d97e2f0770, 0x000002d97e2f2340, 0x000002d97e2f6640,
0x000002d97e2f90a0, 0x000002d97e2fb180, 0x000002d97e2fbbd0, 0x000002d97e300ee0,
0x000002d97e315910, 0x000002d97afaa9b0, 0x000002d9562ffeb0, 0x000002d956a0a6d0,
0x000002d956cc3bf0, 0x000002d956ca6950, 0x000002d956bcd4b0, 0x000002d957035690,
0x000002d956d16290, 0x000002d956f807f0, 0x000002d9579ce3e0, 0x000002d9579cdd50,
0x000002d9579cea70, 0x000002d9579cd030, 0x000002d9579cbc80, 0x000002d9579cb5f0,
0x000002d9579cd6c0, 0x000002d9579cc310, 0x000002d9579cc9a0, 0x000002d9576988d0,
0x000002d95769a310, 0x000002d95769a9a0, 0x000002d957697bb0, 0x000002d957697520,
0x000002d957698f60, 0x000002d95769b030, 0x000002d957698240, 0x000002d95769b6c0,
0x000002d95769bd50, 0x000002d95769c3e0, 0x000002d957699c80, 0x000002d95769ca70,
0x000002d9576995f0, 0x000002d95769d100, 0x000002d95769de20, 0x000002d95769d790,
0x000002d95769e4b0, 0x000002d95769eb40, 0x000002d9563a1a30, 0x000002d957af5560,
0x000002d9622cf8f0
}

Java Threads: ( => current thread )
  0x000002d97af3e8e0 JavaThread "main"                              [_thread_blocked, id=25208, stack(0x000000e7e2a00000,0x000000e7e2b00000) (1024K)]
  0x000002d97e2f0770 JavaThread "Reference Handler"          daemon [_thread_blocked, id=6352, stack(0x000000e7e2e00000,0x000000e7e2f00000) (1024K)]
  0x000002d97e2f2340 JavaThread "Finalizer"                  daemon [_thread_blocked, id=25724, stack(0x000000e7e2f00000,0x000000e7e3000000) (1024K)]
  0x000002d97e2f6640 JavaThread "Signal Dispatcher"          daemon [_thread_blocked, id=30228, stack(0x000000e7e3000000,0x000000e7e3100000) (1024K)]
  0x000002d97e2f90a0 JavaThread "Attach Listener"            daemon [_thread_blocked, id=31356, stack(0x000000e7e3100000,0x000000e7e3200000) (1024K)]
  0x000002d97e2fb180 JavaThread "Service Thread"             daemon [_thread_blocked, id=28920, stack(0x000000e7e3200000,0x000000e7e3300000) (1024K)]
  0x000002d97e2fbbd0 JavaThread "Monitor Deflation Thread"   daemon [_thread_blocked, id=31480, stack(0x000000e7e3300000,0x000000e7e3400000) (1024K)]
  0x000002d97e300ee0 JavaThread "C2 CompilerThread0"         daemon [_thread_blocked, id=32084, stack(0x000000e7e3400000,0x000000e7e3500000) (1024K)]
  0x000002d97e315910 JavaThread "C1 CompilerThread0"         daemon [_thread_blocked, id=7336, stack(0x000000e7e3500000,0x000000e7e3600000) (1024K)]
  0x000002d97afaa9b0 JavaThread "Common-Cleaner"             daemon [_thread_blocked, id=31212, stack(0x000000e7e3600000,0x000000e7e3700000) (1024K)]
  0x000002d9562ffeb0 JavaThread "Notification Thread"        daemon [_thread_blocked, id=8496, stack(0x000000e7e3800000,0x000000e7e3900000) (1024K)]
  0x000002d956a0a6d0 JavaThread "Active Thread: Equinox Container: a3a4ff3a-f7b7-4070-8ff8-894a2b78b67d"        [_thread_blocked, id=22680, stack(0x000000e7e3700000,0x000000e7e3800000) (1024K)]
  0x000002d956cc3bf0 JavaThread "Framework Event Dispatcher: Equinox Container: a3a4ff3a-f7b7-4070-8ff8-894a2b78b67d" daemon [_thread_blocked, id=28336, stack(0x000000e7e4000000,0x000000e7e4100000) (1024K)]
  0x000002d956ca6950 JavaThread "Start Level: Equinox Container: a3a4ff3a-f7b7-4070-8ff8-894a2b78b67d" daemon [_thread_blocked, id=30624, stack(0x000000e7e4100000,0x000000e7e4200000) (1024K)]
  0x000002d956bcd4b0 JavaThread "SCR Component Actor"        daemon [_thread_blocked, id=31416, stack(0x000000e7e4200000,0x000000e7e4300000) (1024K)]
  0x000002d957035690 JavaThread "Worker-JM"                         [_thread_blocked, id=29052, stack(0x000000e7e4500000,0x000000e7e4600000) (1024K)]
  0x000002d956d16290 JavaThread "Worker-0"                          [_thread_blocked, id=27748, stack(0x000000e7e3900000,0x000000e7e3a00000) (1024K)]
  0x000002d956f807f0 JavaThread "Worker-1"                          [_thread_blocked, id=28776, stack(0x000000e7e4600000,0x000000e7e4700000) (1024K)]
  0x000002d9579ce3e0 JavaThread "JNA Cleaner"                daemon [_thread_blocked, id=29284, stack(0x000000e7e4800000,0x000000e7e4900000) (1024K)]
  0x000002d9579cdd50 JavaThread "Thread-2"                   daemon [_thread_in_native, id=29180, stack(0x000000e7e4b00000,0x000000e7e4c00000) (1024K)]
  0x000002d9579cea70 JavaThread "Thread-3"                   daemon [_thread_in_native, id=23460, stack(0x000000e7e4c00000,0x000000e7e4d00000) (1024K)]
  0x000002d9579cd030 JavaThread "Thread-4"                   daemon [_thread_in_native, id=21344, stack(0x000000e7e4d00000,0x000000e7e4e00000) (1024K)]
  0x000002d9579cbc80 JavaThread "Thread-5"                   daemon [_thread_in_native, id=9728, stack(0x000000e7e4e00000,0x000000e7e4f00000) (1024K)]
  0x000002d9579cb5f0 JavaThread "Thread-6"                   daemon [_thread_in_native, id=27300, stack(0x000000e7e4f00000,0x000000e7e5000000) (1024K)]
  0x000002d9579cd6c0 JavaThread "Thread-7"                   daemon [_thread_in_native, id=7812, stack(0x000000e7e5000000,0x000000e7e5100000) (1024K)]
  0x000002d9579cc310 JavaThread "Thread-8"                   daemon [_thread_in_native, id=27760, stack(0x000000e7e5100000,0x000000e7e5200000) (1024K)]
  0x000002d9579cc9a0 JavaThread "Thread-9"                   daemon [_thread_in_native, id=21508, stack(0x000000e7e5200000,0x000000e7e5300000) (1024K)]
  0x000002d9576988d0 JavaThread "Thread-10"                  daemon [_thread_in_native, id=23596, stack(0x000000e7e5300000,0x000000e7e5400000) (1024K)]
  0x000002d95769a310 JavaThread "pool-2-thread-1"                   [_thread_blocked, id=30704, stack(0x000000e7e5400000,0x000000e7e5500000) (1024K)]
  0x000002d95769a9a0 JavaThread "Worker-2"                          [_thread_blocked, id=10004, stack(0x000000e7e5500000,0x000000e7e5600000) (1024K)]
  0x000002d957697bb0 JavaThread "WorkspaceEventsHandler"            [_thread_blocked, id=22204, stack(0x000000e7e5600000,0x000000e7e5700000) (1024K)]
  0x000002d957697520 JavaThread "pool-1-thread-1"                   [_thread_blocked, id=9740, stack(0x000000e7e5700000,0x000000e7e5800000) (1024K)]
  0x000002d957698f60 JavaThread "ForkJoinPool.commonPool-worker-1" daemon [_thread_blocked, id=26820, stack(0x000000e7e4400000,0x000000e7e4500000) (1024K)]
  0x000002d95769b030 JavaThread "ForkJoinPool.commonPool-worker-2" daemon [_thread_blocked, id=29280, stack(0x000000e7e4700000,0x000000e7e4800000) (1024K)]
  0x000002d957698240 JavaThread "ForkJoinPool.commonPool-worker-3" daemon [_thread_blocked, id=26228, stack(0x000000e7e5800000,0x000000e7e5900000) (1024K)]
  0x000002d95769b6c0 JavaThread "Compiler Source File Reader" daemon [_thread_blocked, id=30108, stack(0x000000e7e5a00000,0x000000e7e5b00000) (1024K)]
  0x000002d95769bd50 JavaThread "Compiler Source File Reader" daemon [_thread_blocked, id=30820, stack(0x000000e7e5b00000,0x000000e7e5c00000) (1024K)]
  0x000002d95769c3e0 JavaThread "Compiler Source File Reader" daemon [_thread_blocked, id=27472, stack(0x000000e7e5c00000,0x000000e7e5d00000) (1024K)]
  0x000002d957699c80 JavaThread "ForkJoinPool.commonPool-worker-4" daemon [_thread_blocked, id=5484, stack(0x000000e7e5d00000,0x000000e7e5e00000) (1024K)]
  0x000002d95769ca70 JavaThread "ForkJoinPool.commonPool-worker-5" daemon [_thread_blocked, id=26880, stack(0x000000e7e5e00000,0x000000e7e5f00000) (1024K)]
  0x000002d9576995f0 JavaThread "Compiler Processing Task"   daemon [_thread_blocked, id=5448, stack(0x000000e7e5f00000,0x000000e7e6000000) (1024K)]
  0x000002d95769d100 JavaThread "Compiler Class File Writer" daemon [_thread_blocked, id=20204, stack(0x000000e7e6000000,0x000000e7e6100000) (1024K)]
  0x000002d95769de20 JavaThread "Compiler Class File Writer" daemon [_thread_blocked, id=29376, stack(0x000000e7e5900000,0x000000e7e5a00000) (1024K)]
  0x000002d95769d790 JavaThread "Compiler Class File Writer" daemon [_thread_blocked, id=21856, stack(0x000000e7e6100000,0x000000e7e6200000) (1024K)]
  0x000002d95769e4b0 JavaThread "Compiler Source File Reader" daemon [_thread_blocked, id=1740, stack(0x000000e7e2800000,0x000000e7e2900000) (1024K)]
  0x000002d95769eb40 JavaThread "Compiler Source File Reader" daemon [_thread_blocked, id=4336, stack(0x000000e7e6300000,0x000000e7e6400000) (1024K)]
  0x000002d9563a1a30 JavaThread "Compiler Source File Reader" daemon [_thread_blocked, id=7100, stack(0x000000e7e2700000,0x000000e7e2800000) (1024K)]
=>0x000002d957af5560 JavaThread "C2 CompilerThread1"         daemon [_thread_in_native, id=8220, stack(0x000000e7e2900000,0x000000e7e2a00000) (1024K)]
  0x000002d9622cf8f0 JavaThread "C2 CompilerThread2"         daemon [_thread_blocked, id=4856, stack(0x000000e7e6200000,0x000000e7e6300000) (1024K)]
Total: 49

Other Threads:
  0x000002d97e2d4490 VMThread "VM Thread"                           [id=27344, stack(0x000000e7e2d00000,0x000000e7e2e00000) (1024K)]
  0x000002d97afa9680 WatcherThread "VM Periodic Task Thread"        [id=32488, stack(0x000000e7e2c00000,0x000000e7e2d00000) (1024K)]
  0x000002d97af5c0e0 WorkerThread "GC Thread#0"                     [id=7548, stack(0x000000e7e2b00000,0x000000e7e2c00000) (1024K)]
  0x000002d956a9f540 WorkerThread "GC Thread#1"                     [id=25620, stack(0x000000e7e3a00000,0x000000e7e3b00000) (1024K)]
  0x000002d95696e4d0 WorkerThread "GC Thread#2"                     [id=19184, stack(0x000000e7e3b00000,0x000000e7e3c00000) (1024K)]
  0x000002d95696e870 WorkerThread "GC Thread#3"                     [id=10576, stack(0x000000e7e3c00000,0x000000e7e3d00000) (1024K)]
  0x000002d95696ec10 WorkerThread "GC Thread#4"                     [id=29984, stack(0x000000e7e3d00000,0x000000e7e3e00000) (1024K)]
  0x000002d95696efb0 WorkerThread "GC Thread#5"                     [id=4272, stack(0x000000e7e3e00000,0x000000e7e3f00000) (1024K)]
  0x000002d9569713c0 WorkerThread "GC Thread#6"                     [id=15168, stack(0x000000e7e3f00000,0x000000e7e4000000) (1024K)]
  0x000002d956bc8b40 WorkerThread "GC Thread#7"                     [id=14452, stack(0x000000e7e4300000,0x000000e7e4400000) (1024K)]
Total: 10

Threads with active compile tasks:
C2 CompilerThread1  67335 6570   !   4       org.eclipse.jdt.internal.compiler.classfmt.ClassFileReader::<init> (2135 bytes)
Total: 1

VM state: not at safepoint (normal execution)

VM Mutex/Monitor currently owned by a thread: None

Heap address: 0x00000000c0000000, size: 1024 MB, Compressed Oops mode: 32-bit

CDS archive(s) mapped at: [0x000002d911000000-0x000002d911ba0000-0x000002d911ba0000), size 12189696, SharedBaseAddress: 0x000002d911000000, ArchiveRelocationMode: 1.
Compressed class space mapped at: 0x000002d912000000-0x000002d952000000, reserved size: 1073741824
Narrow klass base: 0x000002d911000000, Narrow klass shift: 0, Narrow klass range: 0x100000000

GC Precious Log:
 CardTable entry size: 512
 CPUs: 8 total, 8 available
 Memory: 16149M
 Large Page Support: Disabled
 NUMA Support: Disabled
 Compressed Oops: Enabled (32-bit)
 Alignments: Space 512K, Generation 512K, Heap 2M
 Heap Min Capacity: 100M
 Heap Initial Capacity: 100M
 Heap Max Capacity: 1G
 Pre-touch: Disabled
 Parallel Workers: 8

Heap:
 PSYoungGen      total 20480K, used 3006K [0x00000000eab00000, 0x00000000ec100000, 0x0000000100000000)
  eden space 18944K, 9% used [0x00000000eab00000,0x00000000eaccf8b8,0x00000000ebd80000)
  from space 1536K, 75% used [0x00000000ebe00000,0x00000000ebf20000,0x00000000ebf80000)
  to   space 1536K, 0% used [0x00000000ebf80000,0x00000000ebf80000,0x00000000ec100000)
 ParOldGen       total 68608K, used 34921K [0x00000000c0000000, 0x00000000c4300000, 0x00000000eab00000)
  object space 68608K, 50% used [0x00000000c0000000,0x00000000c221a598,0x00000000c4300000)
 Metaspace       used 45409K, committed 46336K, reserved 1114112K
  class space    used 4521K, committed 4928K, reserved 1048576K

Card table byte_map: [0x000002d97a8e0000,0x000002d97aaf0000] _byte_map_base: 0x000002d97a2e0000

Marking Bits: (ParMarkBitMap*) 0x00007ff87a0e3260
 Begin Bits: [0x000002d90f000000, 0x000002d910000000)
 End Bits:   [0x000002d910000000, 0x000002d911000000)

Polling page: 0x000002d978d30000

Metaspace:

Usage:
  Non-class:     39.93 MB used.
      Class:      4.42 MB used.
       Both:     44.35 MB used.

Virtual space:
  Non-class space:       64.00 MB reserved,      40.44 MB ( 63%) committed,  1 nodes.
      Class space:        1.00 GB reserved,       4.81 MB ( <1%) committed,  1 nodes.
             Both:        1.06 GB reserved,      45.25 MB (  4%) committed. 

Chunk freelists:
   Non-Class:  7.38 MB
       Class:  11.13 MB
        Both:  18.51 MB

MaxMetaspaceSize: unlimited
CompressedClassSpaceSize: 1.00 GB
Initial GC threshold: 21.00 MB
Current GC threshold: 59.31 MB
CDS: on
 - commit_granule_bytes: 65536.
 - commit_granule_words: 8192.
 - virtual_space_node_default_size: 8388608.
 - enlarge_chunks_in_place: 1.
 - use_allocation_guard: 0.


Internal statistics:

num_allocs_failed_limit: 10.
num_arena_births: 866.
num_arena_deaths: 14.
num_vsnodes_births: 2.
num_vsnodes_deaths: 0.
num_space_committed: 724.
num_space_uncommitted: 0.
num_chunks_returned_to_freelist: 24.
num_chunks_taken_from_freelist: 2773.
num_chunk_merges: 11.
num_chunk_splits: 1772.
num_chunks_enlarged: 1088.
num_inconsistent_stats: 0.

CodeHeap 'non-profiled nmethods': size=120000Kb used=4351Kb max_used=4351Kb free=115648Kb
 bounds [0x000002d907ad0000, 0x000002d907f10000, 0x000002d90f000000]
CodeHeap 'profiled nmethods': size=120000Kb used=14336Kb max_used=14336Kb free=105663Kb
 bounds [0x000002d900000000, 0x000002d900e10000, 0x000002d907530000]
CodeHeap 'non-nmethods': size=5760Kb used=1426Kb max_used=1490Kb free=4333Kb
 bounds [0x000002d907530000, 0x000002d9077a0000, 0x000002d907ad0000]
 total_blobs=6986 nmethods=6259 adapters=632
 compilation: enabled
              stopped_count=0, restarted_count=0
 full_count=0

Compilation events (20 events):
Event: 65.943 Thread 0x000002d97e315910 nmethod 6626 0x000002d900dbc610 code [0x000002d900dbc7e0, 0x000002d900dbcb98]
Event: 65.943 Thread 0x000002d97e315910 6627       3       java.util.Calendar::isPartiallyNormalized (20 bytes)
Event: 65.943 Thread 0x000002d97e315910 nmethod 6627 0x000002d900dbcd10 code [0x000002d900dbcec0, 0x000002d900dbd058]
Event: 65.943 Thread 0x000002d97e315910 6628       3       org.eclipse.jdt.internal.core.util.PublicScanner::getNextToken (16 bytes)
Event: 65.944 Thread 0x000002d97e315910 nmethod 6628 0x000002d900dbd110 code [0x000002d900dbd2c0, 0x000002d900dbd4e0]
Event: 65.944 Thread 0x000002d97e315910 6631   !   3       org.eclipse.jdt.ls.core.internal.handlers.FoldingRangeHandler::getNextToken (22 bytes)
Event: 65.944 Thread 0x000002d97e315910 nmethod 6631 0x000002d900dbd610 code [0x000002d900dbd7e0, 0x000002d900dbdbc0]
Event: 65.944 Thread 0x000002d97e315910 6629       3       org.eclipse.jdt.internal.core.util.PublicScanner::translateTokenToTerminalSymbol (1966 bytes)
Event: 66.419 Thread 0x000002d97e300ee0 6634       4       org.eclipse.jdt.internal.compiler.parser.Parser::fetchNextToken (8 bytes)
Event: 66.842 Thread 0x000002d97e315910 nmethod 6629 0x000002d900dbde10 code [0x000002d900dbe1e0, 0x000002d900dc0898]
Event: 66.842 Thread 0x000002d97e315910 6635       3       org.eclipse.jdt.internal.compiler.parser.Parser::consumeRule (7755 bytes)
Event: 66.846 Thread 0x000002d97e300ee0 nmethod 6634 0x000002d907f08f10 code [0x000002d907f091a0, 0x000002d907f09960]
Event: 66.846 Thread 0x000002d97e300ee0 6636   !   4       org.eclipse.jdt.internal.compiler.parser.Scanner::getNextToken0 (3018 bytes)
Event: 66.863 Thread 0x000002d97e315910 nmethod 6635 0x000002d900dc0c10 code [0x000002d900dc5b80, 0x000002d900df63b0]
Event: 66.864 Thread 0x000002d97e315910 6638       3       org.eclipse.jdt.internal.compiler.util.CharArrayHashMap::put (17 bytes)
Event: 66.864 Thread 0x000002d9622cf8f0 6644       4       org.eclipse.jdt.core.compiler.CharOperation::hashCode (11 bytes)
Event: 66.865 Thread 0x000002d97e315910 nmethod 6638 0x000002d900dfbd90 code [0x000002d900dfbf60, 0x000002d900dfc2d0]
Event: 66.865 Thread 0x000002d97e315910 6649       3       org.eclipse.jdt.internal.compiler.parser.Scanner::scanIdentifier (480 bytes)
Event: 66.865 Thread 0x000002d9622cf8f0 nmethod 6644 0x000002d907f09f10 code [0x000002d907f0a0c0, 0x000002d907f0a348]
Event: 66.865 Thread 0x000002d9622cf8f0 6648   !   4       org.eclipse.jdt.internal.core.util.DeduplicationUtil::intern (28 bytes)

GC Heap History (20 events):
Event: 22.775 GC heap before
{Heap before GC invocations=18 (full 1):
 PSYoungGen      total 22016K, used 21556K [0x00000000eab00000, 0x00000000ec380000, 0x0000000100000000)
  eden space 20480K, 100% used [0x00000000eab00000,0x00000000ebf00000,0x00000000ebf00000)
  from space 1536K, 70% used [0x00000000ec200000,0x00000000ec30d3c8,0x00000000ec380000)
  to   space 2048K, 0% used [0x00000000ebf80000,0x00000000ebf80000,0x00000000ec180000)
 ParOldGen       total 68608K, used 26941K [0x00000000c0000000, 0x00000000c4300000, 0x00000000eab00000)
  object space 68608K, 39% used [0x00000000c0000000,0x00000000c1a4f5f8,0x00000000c4300000)
 Metaspace       used 34991K, committed 35904K, reserved 1114112K
  class space    used 3527K, committed 3904K, reserved 1048576K
}
Event: 22.779 GC heap after
{Heap after GC invocations=18 (full 1):
 PSYoungGen      total 22016K, used 1229K [0x00000000eab00000, 0x00000000ec280000, 0x0000000100000000)
  eden space 20480K, 0% used [0x00000000eab00000,0x00000000eab00000,0x00000000ebf00000)
  from space 1536K, 80% used [0x00000000ebf80000,0x00000000ec0b3510,0x00000000ec100000)
  to   space 1536K, 0% used [0x00000000ec100000,0x00000000ec100000,0x00000000ec280000)
 ParOldGen       total 68608K, used 27815K [0x00000000c0000000, 0x00000000c4300000, 0x00000000eab00000)
  object space 68608K, 40% used [0x00000000c0000000,0x00000000c1b29e08,0x00000000c4300000)
 Metaspace       used 34991K, committed 35904K, reserved 1114112K
  class space    used 3527K, committed 3904K, reserved 1048576K
}
Event: 22.958 GC heap before
{Heap before GC invocations=19 (full 1):
 PSYoungGen      total 22016K, used 7601K [0x00000000eab00000, 0x00000000ec280000, 0x0000000100000000)
  eden space 20480K, 31% used [0x00000000eab00000,0x00000000eb138fd0,0x00000000ebf00000)
  from space 1536K, 80% used [0x00000000ebf80000,0x00000000ec0b3510,0x00000000ec100000)
  to   space 1536K, 0% used [0x00000000ec100000,0x00000000ec100000,0x00000000ec280000)
 ParOldGen       total 68608K, used 27815K [0x00000000c0000000, 0x00000000c4300000, 0x00000000eab00000)
  object space 68608K, 40% used [0x00000000c0000000,0x00000000c1b29e08,0x00000000c4300000)
 Metaspace       used 35556K, committed 36416K, reserved 1114112K
  class space    used 3577K, committed 3968K, reserved 1048576K
}
Event: 22.961 GC heap after
{Heap after GC invocations=19 (full 1):
 PSYoungGen      total 20992K, used 401K [0x00000000eab00000, 0x00000000ec180000, 0x0000000100000000)
  eden space 20480K, 0% used [0x00000000eab00000,0x00000000eab00000,0x00000000ebf00000)
  from space 512K, 78% used [0x00000000ec100000,0x00000000ec1644f0,0x00000000ec180000)
  to   space 1024K, 0% used [0x00000000ebf80000,0x00000000ebf80000,0x00000000ec080000)
 ParOldGen       total 68608K, used 28916K [0x00000000c0000000, 0x00000000c4300000, 0x00000000eab00000)
  object space 68608K, 42% used [0x00000000c0000000,0x00000000c1c3d328,0x00000000c4300000)
 Metaspace       used 35556K, committed 36416K, reserved 1114112K
  class space    used 3577K, committed 3968K, reserved 1048576K
}
Event: 22.961 GC heap before
{Heap before GC invocations=20 (full 2):
 PSYoungGen      total 20992K, used 401K [0x00000000eab00000, 0x00000000ec180000, 0x0000000100000000)
  eden space 20480K, 0% used [0x00000000eab00000,0x00000000eab00000,0x00000000ebf00000)
  from space 512K, 78% used [0x00000000ec100000,0x00000000ec1644f0,0x00000000ec180000)
  to   space 1024K, 0% used [0x00000000ebf80000,0x00000000ebf80000,0x00000000ec080000)
 ParOldGen       total 68608K, used 28916K [0x00000000c0000000, 0x00000000c4300000, 0x00000000eab00000)
  object space 68608K, 42% used [0x00000000c0000000,0x00000000c1c3d328,0x00000000c4300000)
 Metaspace       used 35556K, committed 36416K, reserved 1114112K
  class space    used 3577K, committed 3968K, reserved 1048576K
}
Event: 23.033 GC heap after
{Heap after GC invocations=20 (full 2):
 PSYoungGen      total 20992K, used 0K [0x00000000eab00000, 0x00000000ec180000, 0x0000000100000000)
  eden space 20480K, 0% used [0x00000000eab00000,0x00000000eab00000,0x00000000ebf00000)
  from space 512K, 0% used [0x00000000ec100000,0x00000000ec100000,0x00000000ec180000)
  to   space 1024K, 0% used [0x00000000ebf80000,0x00000000ebf80000,0x00000000ec080000)
 ParOldGen       total 68608K, used 27433K [0x00000000c0000000, 0x00000000c4300000, 0x00000000eab00000)
  object space 68608K, 39% used [0x00000000c0000000,0x00000000c1aca668,0x00000000c4300000)
 Metaspace       used 35556K, committed 36416K, reserved 1114112K
  class space    used 3577K, committed 3968K, reserved 1048576K
}
Event: 23.801 GC heap before
{Heap before GC invocations=21 (full 2):
 PSYoungGen      total 20992K, used 20479K [0x00000000eab00000, 0x00000000ec180000, 0x0000000100000000)
  eden space 20480K, 99% used [0x00000000eab00000,0x00000000ebefffa8,0x00000000ebf00000)
  from space 512K, 0% used [0x00000000ec100000,0x00000000ec100000,0x00000000ec180000)
  to   space 1024K, 0% used [0x00000000ebf80000,0x00000000ebf80000,0x00000000ec080000)
 ParOldGen       total 68608K, used 27433K [0x00000000c0000000, 0x00000000c4300000, 0x00000000eab00000)
  object space 68608K, 39% used [0x00000000c0000000,0x00000000c1aca668,0x00000000c4300000)
 Metaspace       used 38271K, committed 39232K, reserved 1114112K
  class space    used 3862K, committed 4288K, reserved 1048576K
}
Event: 23.804 GC heap after
{Heap after GC invocations=21 (full 2):
 PSYoungGen      total 21504K, used 1017K [0x00000000eab00000, 0x00000000ec500000, 0x0000000100000000)
  eden space 20480K, 0% used [0x00000000eab00000,0x00000000eab00000,0x00000000ebf00000)
  from space 1024K, 99% used [0x00000000ebf80000,0x00000000ec07e4e0,0x00000000ec080000)
  to   space 3072K, 0% used [0x00000000ec200000,0x00000000ec200000,0x00000000ec500000)
 ParOldGen       total 68608K, used 28686K [0x00000000c0000000, 0x00000000c4300000, 0x00000000eab00000)
  object space 68608K, 41% used [0x00000000c0000000,0x00000000c1c03b98,0x00000000c4300000)
 Metaspace       used 38271K, committed 39232K, reserved 1114112K
  class space    used 3862K, committed 4288K, reserved 1048576K
}
Event: 24.595 GC heap before
{Heap before GC invocations=22 (full 2):
 PSYoungGen      total 21504K, used 21497K [0x00000000eab00000, 0x00000000ec500000, 0x0000000100000000)
  eden space 20480K, 100% used [0x00000000eab00000,0x00000000ebf00000,0x00000000ebf00000)
  from space 1024K, 99% used [0x00000000ebf80000,0x00000000ec07e4e0,0x00000000ec080000)
  to   space 3072K, 0% used [0x00000000ec200000,0x00000000ec200000,0x00000000ec500000)
 ParOldGen       total 68608K, used 28686K [0x00000000c0000000, 0x00000000c4300000, 0x00000000eab00000)
  object space 68608K, 41% used [0x00000000c0000000,0x00000000c1c03b98,0x00000000c4300000)
 Metaspace       used 40190K, committed 41216K, reserved 1114112K
  class space    used 4021K, committed 4480K, reserved 1048576K
}
Event: 24.598 GC heap after
{Heap after GC invocations=22 (full 2):
 PSYoungGen      total 22016K, used 3041K [0x00000000eab00000, 0x00000000ec800000, 0x0000000100000000)
  eden space 18944K, 0% used [0x00000000eab00000,0x00000000eab00000,0x00000000ebd80000)
  from space 3072K, 99% used [0x00000000ec200000,0x00000000ec4f85d0,0x00000000ec500000)
  to   space 4608K, 0% used [0x00000000ebd80000,0x00000000ebd80000,0x00000000ec200000)
 ParOldGen       total 68608K, used 29722K [0x00000000c0000000, 0x00000000c4300000, 0x00000000eab00000)
  object space 68608K, 43% used [0x00000000c0000000,0x00000000c1d06968,0x00000000c4300000)
 Metaspace       used 40190K, committed 41216K, reserved 1114112K
  class space    used 4021K, committed 4480K, reserved 1048576K
}
Event: 24.710 GC heap before
{Heap before GC invocations=23 (full 2):
 PSYoungGen      total 22016K, used 21985K [0x00000000eab00000, 0x00000000ec800000, 0x0000000100000000)
  eden space 18944K, 100% used [0x00000000eab00000,0x00000000ebd80000,0x00000000ebd80000)
  from space 3072K, 99% used [0x00000000ec200000,0x00000000ec4f85d0,0x00000000ec500000)
  to   space 4608K, 0% used [0x00000000ebd80000,0x00000000ebd80000,0x00000000ec200000)
 ParOldGen       total 68608K, used 29722K [0x00000000c0000000, 0x00000000c4300000, 0x00000000eab00000)
  object space 68608K, 43% used [0x00000000c0000000,0x00000000c1d06968,0x00000000c4300000)
 Metaspace       used 40283K, committed 41280K, reserved 1114112K
  class space    used 4029K, committed 4480K, reserved 1048576K
}
Event: 24.716 GC heap after
{Heap after GC invocations=23 (full 2):
 PSYoungGen      total 19968K, used 1014K [0x00000000eab00000, 0x00000000ec280000, 0x0000000100000000)
  eden space 18944K, 0% used [0x00000000eab00000,0x00000000eab00000,0x00000000ebd80000)
  from space 1024K, 99% used [0x00000000ebd80000,0x00000000ebe7daa0,0x00000000ebe80000)
  to   space 2560K, 0% used [0x00000000ec000000,0x00000000ec000000,0x00000000ec280000)
 ParOldGen       total 68608K, used 31748K [0x00000000c0000000, 0x00000000c4300000, 0x00000000eab00000)
  object space 68608K, 46% used [0x00000000c0000000,0x00000000c1f01298,0x00000000c4300000)
 Metaspace       used 40283K, committed 41280K, reserved 1114112K
  class space    used 4029K, committed 4480K, reserved 1048576K
}
Event: 36.740 GC heap before
{Heap before GC invocations=24 (full 2):
 PSYoungGen      total 19968K, used 19927K [0x00000000eab00000, 0x00000000ec280000, 0x0000000100000000)
  eden space 18944K, 99% used [0x00000000eab00000,0x00000000ebd78298,0x00000000ebd80000)
  from space 1024K, 99% used [0x00000000ebd80000,0x00000000ebe7daa0,0x00000000ebe80000)
  to   space 2560K, 0% used [0x00000000ec000000,0x00000000ec000000,0x00000000ec280000)
 ParOldGen       total 68608K, used 31748K [0x00000000c0000000, 0x00000000c4300000, 0x00000000eab00000)
  object space 68608K, 46% used [0x00000000c0000000,0x00000000c1f01298,0x00000000c4300000)
 Metaspace       used 41966K, committed 43072K, reserved 1114112K
  class space    used 4198K, committed 4672K, reserved 1048576K
}
Event: 36.742 GC heap after
{Heap after GC invocations=24 (full 2):
 PSYoungGen      total 19456K, used 387K [0x00000000eab00000, 0x00000000ec080000, 0x0000000100000000)
  eden space 18944K, 0% used [0x00000000eab00000,0x00000000eab00000,0x00000000ebd80000)
  from space 512K, 75% used [0x00000000ec000000,0x00000000ec060e70,0x00000000ec080000)
  to   space 1024K, 0% used [0x00000000ebe80000,0x00000000ebe80000,0x00000000ebf80000)
 ParOldGen       total 68608K, used 31820K [0x00000000c0000000, 0x00000000c4300000, 0x00000000eab00000)
  object space 68608K, 46% used [0x00000000c0000000,0x00000000c1f13298,0x00000000c4300000)
 Metaspace       used 41966K, committed 43072K, reserved 1114112K
  class space    used 4198K, committed 4672K, reserved 1048576K
}
Event: 51.534 GC heap before
{Heap before GC invocations=25 (full 2):
 PSYoungGen      total 19456K, used 19311K [0x00000000eab00000, 0x00000000ec080000, 0x0000000100000000)
  eden space 18944K, 99% used [0x00000000eab00000,0x00000000ebd7adb8,0x00000000ebd80000)
  from space 512K, 75% used [0x00000000ec000000,0x00000000ec060e70,0x00000000ec080000)
  to   space 1024K, 0% used [0x00000000ebe80000,0x00000000ebe80000,0x00000000ebf80000)
 ParOldGen       total 68608K, used 31820K [0x00000000c0000000, 0x00000000c4300000, 0x00000000eab00000)
  object space 68608K, 46% used [0x00000000c0000000,0x00000000c1f13298,0x00000000c4300000)
 Metaspace       used 43090K, committed 44160K, reserved 1114112K
  class space    used 4277K, committed 4736K, reserved 1048576K
}
Event: 51.539 GC heap after
{Heap after GC invocations=25 (full 2):
 PSYoungGen      total 19968K, used 992K [0x00000000eab00000, 0x00000000ec380000, 0x0000000100000000)
  eden space 18944K, 0% used [0x00000000eab00000,0x00000000eab00000,0x00000000ebd80000)
  from space 1024K, 96% used [0x00000000ebe80000,0x00000000ebf78020,0x00000000ebf80000)
  to   space 3072K, 0% used [0x00000000ec080000,0x00000000ec080000,0x00000000ec380000)
 ParOldGen       total 68608K, used 33299K [0x00000000c0000000, 0x00000000c4300000, 0x00000000eab00000)
  object space 68608K, 48% used [0x00000000c0000000,0x00000000c2084e68,0x00000000c4300000)
 Metaspace       used 43090K, committed 44160K, reserved 1114112K
  class space    used 4277K, committed 4736K, reserved 1048576K
}
Event: 58.821 GC heap before
{Heap before GC invocations=26 (full 2):
 PSYoungGen      total 19968K, used 19936K [0x00000000eab00000, 0x00000000ec380000, 0x0000000100000000)
  eden space 18944K, 100% used [0x00000000eab00000,0x00000000ebd80000,0x00000000ebd80000)
  from space 1024K, 96% used [0x00000000ebe80000,0x00000000ebf78020,0x00000000ebf80000)
  to   space 3072K, 0% used [0x00000000ec080000,0x00000000ec080000,0x00000000ec380000)
 ParOldGen       total 68608K, used 33299K [0x00000000c0000000, 0x00000000c4300000, 0x00000000eab00000)
  object space 68608K, 48% used [0x00000000c0000000,0x00000000c2084e68,0x00000000c4300000)
 Metaspace       used 43866K, committed 44864K, reserved 1114112K
  class space    used 4340K, committed 4800K, reserved 1048576K
}
Event: 58.830 GC heap after
{Heap after GC invocations=26 (full 2):
 PSYoungGen      total 20480K, used 1232K [0x00000000eab00000, 0x00000000ec200000, 0x0000000100000000)
  eden space 18944K, 0% used [0x00000000eab00000,0x00000000eab00000,0x00000000ebd80000)
  from space 1536K, 80% used [0x00000000ec080000,0x00000000ec1b40b8,0x00000000ec200000)
  to   space 2048K, 0% used [0x00000000ebe00000,0x00000000ebe00000,0x00000000ec000000)
 ParOldGen       total 68608K, used 34275K [0x00000000c0000000, 0x00000000c4300000, 0x00000000eab00000)
  object space 68608K, 49% used [0x00000000c0000000,0x00000000c2178e88,0x00000000c4300000)
 Metaspace       used 43866K, committed 44864K, reserved 1114112K
  class space    used 4340K, committed 4800K, reserved 1048576K
}
Event: 66.430 GC heap before
{Heap before GC invocations=27 (full 2):
 PSYoungGen      total 20480K, used 20176K [0x00000000eab00000, 0x00000000ec200000, 0x0000000100000000)
  eden space 18944K, 100% used [0x00000000eab00000,0x00000000ebd80000,0x00000000ebd80000)
  from space 1536K, 80% used [0x00000000ec080000,0x00000000ec1b40b8,0x00000000ec200000)
  to   space 2048K, 0% used [0x00000000ebe00000,0x00000000ebe00000,0x00000000ec000000)
 ParOldGen       total 68608K, used 34275K [0x00000000c0000000, 0x00000000c4300000, 0x00000000eab00000)
  object space 68608K, 49% used [0x00000000c0000000,0x00000000c2178e88,0x00000000c4300000)
 Metaspace       used 45397K, committed 46336K, reserved 1114112K
  class space    used 4518K, committed 4928K, reserved 1048576K
}
Event: 66.831 GC heap after
{Heap after GC invocations=27 (full 2):
 PSYoungGen      total 20480K, used 1152K [0x00000000eab00000, 0x00000000ec100000, 0x0000000100000000)
  eden space 18944K, 0% used [0x00000000eab00000,0x00000000eab00000,0x00000000ebd80000)
  from space 1536K, 75% used [0x00000000ebe00000,0x00000000ebf20000,0x00000000ebf80000)
  to   space 1536K, 0% used [0x00000000ebf80000,0x00000000ebf80000,0x00000000ec100000)
 ParOldGen       total 68608K, used 34921K [0x00000000c0000000, 0x00000000c4300000, 0x00000000eab00000)
  object space 68608K, 50% used [0x00000000c0000000,0x00000000c221a598,0x00000000c4300000)
 Metaspace       used 45397K, committed 46336K, reserved 1114112K
  class space    used 4518K, committed 4928K, reserved 1048576K
}

Dll operation events (12 events):
Event: 0.104 Loaded shared library c:\Users\parim\.vscode\extensions\redhat.java-1.40.0-win32-x64\jre\21.0.6-win32-x86_64\bin\java.dll
Event: 0.453 Loaded shared library c:\Users\parim\.vscode\extensions\redhat.java-1.40.0-win32-x64\jre\21.0.6-win32-x86_64\bin\zip.dll
Event: 0.534 Loaded shared library C:\Users\parim\.vscode\extensions\redhat.java-1.40.0-win32-x64\jre\21.0.6-win32-x86_64\bin\instrument.dll
Event: 0.540 Loaded shared library C:\Users\parim\.vscode\extensions\redhat.java-1.40.0-win32-x64\jre\21.0.6-win32-x86_64\bin\net.dll
Event: 0.544 Loaded shared library C:\Users\parim\.vscode\extensions\redhat.java-1.40.0-win32-x64\jre\21.0.6-win32-x86_64\bin\nio.dll
Event: 0.549 Loaded shared library C:\Users\parim\.vscode\extensions\redhat.java-1.40.0-win32-x64\jre\21.0.6-win32-x86_64\bin\zip.dll
Event: 0.597 Loaded shared library C:\Users\parim\.vscode\extensions\redhat.java-1.40.0-win32-x64\jre\21.0.6-win32-x86_64\bin\jimage.dll
Event: 0.697 Loaded shared library c:\Users\parim\.vscode\extensions\redhat.java-1.40.0-win32-x64\jre\21.0.6-win32-x86_64\bin\verify.dll
Event: 3.006 Loaded shared library C:\Users\parim\AppData\Roaming\Code\User\globalStorage\redhat.java\1.40.0\config_ss_win\org.eclipse.equinox.launcher\org.eclipse.equinox.launcher.win32.win32.x86_64_1.2.1200.v20250212-0927\eclipse_11909.dll
Event: 4.099 Loaded shared library C:\Users\parim\.vscode\extensions\redhat.java-1.40.0-win32-x64\jre\21.0.6-win32-x86_64\bin\management.dll
Event: 4.118 Loaded shared library C:\Users\parim\.vscode\extensions\redhat.java-1.40.0-win32-x64\jre\21.0.6-win32-x86_64\bin\management_ext.dll
Event: 7.458 Loaded shared library C:\Users\parim\AppData\Local\Temp\jna-106436997\jna17429343007704300674.dll

Deoptimization events (20 events):
Event: 66.419 Thread 0x000002d956d16290 DEOPT PACKING pc=0x000002d907efbbec sp=0x000000e7e39fe5e0
Event: 66.419 Thread 0x000002d956d16290 DEOPT UNPACKING pc=0x000002d907586da2 sp=0x000000e7e39fe580 mode 2
Event: 66.419 Thread 0x000002d956d16290 Uncommon trap: trap_request=0xffffffc6 fr.pc=0x000002d907efbfdc relative=0x0000000000000e7c
Event: 66.419 Thread 0x000002d956d16290 Uncommon trap: reason=bimorphic_or_optimized_type_check action=maybe_recompile pc=0x000002d907efbfdc method=org.eclipse.jdt.internal.compiler.parser.Parser.consumeRule(I)V @ 4244 c2
Event: 66.419 Thread 0x000002d956d16290 DEOPT PACKING pc=0x000002d907efbfdc sp=0x000000e7e39fe5e0
Event: 66.419 Thread 0x000002d956d16290 DEOPT UNPACKING pc=0x000002d907586da2 sp=0x000000e7e39fe580 mode 2
Event: 66.419 Thread 0x000002d956d16290 Uncommon trap: trap_request=0xffffffc6 fr.pc=0x000002d907efbfdc relative=0x0000000000000e7c
Event: 66.419 Thread 0x000002d956d16290 Uncommon trap: reason=bimorphic_or_optimized_type_check action=maybe_recompile pc=0x000002d907efbfdc method=org.eclipse.jdt.internal.compiler.parser.Parser.consumeRule(I)V @ 4244 c2
Event: 66.419 Thread 0x000002d956d16290 DEOPT PACKING pc=0x000002d907efbfdc sp=0x000000e7e39fe5e0
Event: 66.419 Thread 0x000002d956d16290 DEOPT UNPACKING pc=0x000002d907586da2 sp=0x000000e7e39fe580 mode 2
Event: 66.419 Thread 0x000002d956d16290 Uncommon trap: trap_request=0xffffffc6 fr.pc=0x000002d907efbf90 relative=0x0000000000000e30
Event: 66.419 Thread 0x000002d956d16290 Uncommon trap: reason=bimorphic_or_optimized_type_check action=maybe_recompile pc=0x000002d907efbf90 method=org.eclipse.jdt.internal.compiler.parser.Parser.consumeRule(I)V @ 4416 c2
Event: 66.419 Thread 0x000002d956d16290 DEOPT PACKING pc=0x000002d907efbf90 sp=0x000000e7e39fe5e0
Event: 66.419 Thread 0x000002d956d16290 DEOPT UNPACKING pc=0x000002d907586da2 sp=0x000000e7e39fe578 mode 2
Event: 66.419 Thread 0x000002d956d16290 Uncommon trap: trap_request=0xffffffc6 fr.pc=0x000002d907efbf90 relative=0x0000000000000e30
Event: 66.419 Thread 0x000002d956d16290 Uncommon trap: reason=bimorphic_or_optimized_type_check action=maybe_recompile pc=0x000002d907efbf90 method=org.eclipse.jdt.internal.compiler.parser.Parser.consumeRule(I)V @ 4416 c2
Event: 66.419 Thread 0x000002d956d16290 DEOPT PACKING pc=0x000002d907efbf90 sp=0x000000e7e39fe5e0
Event: 66.419 Thread 0x000002d956d16290 DEOPT UNPACKING pc=0x000002d907586da2 sp=0x000000e7e39fe578 mode 2
Event: 66.846 Thread 0x000002d956d16290 DEOPT PACKING pc=0x000002d900bedf9a sp=0x000000e7e39fdfe0
Event: 66.846 Thread 0x000002d956d16290 DEOPT UNPACKING pc=0x000002d9075878e2 sp=0x000000e7e39fd568 mode 0

Classes loaded (20 events):
Event: 59.068 Loading class java/util/stream/ReferencePipeline$4
Event: 59.068 Loading class java/util/stream/IntPipeline$StatelessOp
Event: 59.068 Loading class java/util/stream/IntPipeline
Event: 59.069 Loading class java/util/stream/IntStream
Event: 59.069 Loading class java/util/stream/IntStream done
Event: 59.069 Loading class java/util/stream/IntPipeline done
Event: 59.070 Loading class java/util/stream/IntPipeline$StatelessOp done
Event: 59.070 Loading class java/util/stream/ReferencePipeline$4 done
Event: 59.070 Loading class java/util/stream/Nodes$IntFixedNodeBuilder
Event: 59.070 Loading class java/util/stream/Node$Builder$OfInt
Event: 59.070 Loading class java/util/stream/Sink$OfInt
Event: 59.071 Loading class java/util/stream/Sink$OfInt done
Event: 59.071 Loading class java/util/stream/Node$Builder$OfInt done
Event: 59.071 Loading class java/util/stream/Nodes$IntArrayNode
Event: 59.071 Loading class java/util/stream/Nodes$IntArrayNode done
Event: 59.071 Loading class java/util/stream/Nodes$IntFixedNodeBuilder done
Event: 59.071 Loading class java/util/stream/ReferencePipeline$4$1
Event: 59.071 Loading class java/util/stream/ReferencePipeline$4$1 done
Event: 59.095 Loading class sun/reflect/misc/ReflectUtil
Event: 59.095 Loading class sun/reflect/misc/ReflectUtil done

Classes unloaded (7 events):
Event: 6.920 Thread 0x000002d97e2d4490 Unloading class 0x000002d91217a800 'java/lang/invoke/LambdaForm$MH+0x000002d91217a800'
Event: 6.920 Thread 0x000002d97e2d4490 Unloading class 0x000002d91217a400 'java/lang/invoke/LambdaForm$MH+0x000002d91217a400'
Event: 6.920 Thread 0x000002d97e2d4490 Unloading class 0x000002d91217a000 'java/lang/invoke/LambdaForm$MH+0x000002d91217a000'
Event: 6.920 Thread 0x000002d97e2d4490 Unloading class 0x000002d912179c00 'java/lang/invoke/LambdaForm$MH+0x000002d912179c00'
Event: 6.920 Thread 0x000002d97e2d4490 Unloading class 0x000002d912179800 'java/lang/invoke/LambdaForm$BMH+0x000002d912179800'
Event: 6.920 Thread 0x000002d97e2d4490 Unloading class 0x000002d912179400 'java/lang/invoke/LambdaForm$DMH+0x000002d912179400'
Event: 6.920 Thread 0x000002d97e2d4490 Unloading class 0x000002d912178000 'java/lang/invoke/LambdaForm$DMH+0x000002d912178000'

Classes redefined (0 events):
No events

Internal exceptions (20 events):
Event: 23.288 Thread 0x000002d95769a9a0 Exception <a 'java/io/FileNotFoundException'{0x00000000eb2df3a8}> (0x00000000eb2df3a8) 
thrown [s\src\hotspot\share\prims\jni.cpp, line 520]
Event: 23.382 Thread 0x000002d95769a9a0 Exception <a 'java/lang/NoSuchMethodError'{0x00000000eb3d0040}: 'java.lang.Object java.lang.invoke.DirectMethodHandle$Holder.invokeStatic(java.lang.Object, int, java.lang.Object, java.lang.Object)'> (0x00000000eb3d0040) 
thrown [s\src\hotspot\share\interpreter\linkResolver.cpp, line 773]
Event: 23.382 Thread 0x000002d95769a9a0 Exception <a 'java/lang/NoSuchMethodError'{0x00000000eb3d4008}: 'java.lang.Object java.lang.invoke.DelegatingMethodHandle$Holder.delegate(java.lang.Object, int, java.lang.Object, java.lang.Object)'> (0x00000000eb3d4008) 
thrown [s\src\hotspot\share\interpreter\linkResolver.cpp, line 773]
Event: 23.383 Thread 0x000002d95769a9a0 Implicit null exception at 0x000002d907c9c293 to 0x000002d907c9c538
Event: 23.387 Thread 0x000002d95769a9a0 Exception <a 'java/lang/NoSuchMethodError'{0x00000000eb3e8d20}: 'int java.lang.invoke.Invokers$Holder.linkToTargetMethod(java.lang.Object, java.lang.Object, java.lang.Object)'> (0x00000000eb3e8d20) 
thrown [s\src\hotspot\share\interpreter\linkResolver.cpp, line 773]
Event: 23.647 Thread 0x000002d957697520 Exception <a 'java/lang/IncompatibleClassChangeError'{0x00000000eb02b0a8}: Found class java.lang.Object, but interface was expected> (0x00000000eb02b0a8) 
thrown [s\src\hotspot\share\interpreter\linkResolver.cpp, line 840]
Event: 23.731 Thread 0x000002d95769a9a0 Exception <a 'java/lang/NoSuchMethodError'{0x00000000ebcc1248}: 'int java.lang.invoke.DirectMethodHandle$Holder.invokeSpecialIFC(java.lang.Object, java.lang.Object, java.lang.Object)'> (0x00000000ebcc1248) 
thrown [s\src\hotspot\share\interpreter\linkResolver.cpp, line 773]
Event: 23.819 Thread 0x000002d956d16290 Exception <a 'java/lang/NoSuchMethodError'{0x00000000eab49a10}: 'java.lang.Object java.lang.invoke.DirectMethodHandle$Holder.invokeSpecial(java.lang.Object, java.lang.Object, int, long)'> (0x00000000eab49a10) 
thrown [s\src\hotspot\share\interpreter\linkResolver.cpp, line 773]
Event: 23.989 Thread 0x000002d95769a9a0 Exception <a 'java/lang/NoSuchMethodError'{0x00000000eaf34860}: 'java.lang.Object java.lang.invoke.DirectMethodHandle$Holder.newInvokeSpecial(java.lang.Object, java.lang.Object, int, int, java.lang.Object)'> (0x00000000eaf34860) 
thrown [s\src\hotspot\share\interpreter\linkResolver.cpp, line 773]
Event: 24.280 Thread 0x000002d957697520 Exception <a 'java/lang/IncompatibleClassChangeError'{0x00000000eb0bc9a8}: Found class java.lang.Object, but interface was expected> (0x00000000eb0bc9a8) 
thrown [s\src\hotspot\share\interpreter\linkResolver.cpp, line 840]
Event: 24.332 Thread 0x000002d95769a9a0 Exception <a 'sun/nio/fs/WindowsException'{0x00000000eb2fc8f0}> (0x00000000eb2fc8f0) 
thrown [s\src\hotspot\share\prims\jni.cpp, line 520]
Event: 24.332 Thread 0x000002d95769a9a0 Exception <a 'sun/nio/fs/WindowsException'{0x00000000eb2fcfc8}> (0x00000000eb2fcfc8) 
thrown [s\src\hotspot\share\prims\jni.cpp, line 520]
Event: 24.367 Thread 0x000002d95769ca70 Exception <a 'java/lang/NoSuchMethodError'{0x00000000eb397990}: 'int java.lang.invoke.Invokers$Holder.invokeExact_MT(java.lang.Object, java.lang.Object)'> (0x00000000eb397990) 
thrown [s\src\hotspot\share\interpreter\linkResolver.cpp, line 773]
Event: 24.443 Thread 0x000002d95769ca70 Exception <a 'java/lang/NoSuchMethodError'{0x00000000eb53c5a8}: 'int java.lang.invoke.DirectMethodHandle$Holder.invokeInterface(java.lang.Object, java.lang.Object)'> (0x00000000eb53c5a8) 
thrown [s\src\hotspot\share\interpreter\linkResolver.cpp, line 773]
Event: 24.444 Thread 0x000002d95769ca70 Exception <a 'java/lang/IncompatibleClassChangeError'{0x00000000eb53f878}: Found class java.lang.Object, but interface was expected> (0x00000000eb53f878) 
thrown [s\src\hotspot\share\interpreter\linkResolver.cpp, line 840]
Event: 24.947 Thread 0x000002d95769ca70 Exception <a 'java/lang/NoSuchMethodError'{0x00000000ebc07358}: 'java.lang.Object java.lang.invoke.DirectMethodHandle$Holder.invokeStatic(java.lang.Object, int, int, java.lang.Object)'> (0x00000000ebc07358) 
thrown [s\src\hotspot\share\interpreter\linkResolver.cpp, line 773]
Event: 44.638 Thread 0x000002d957697520 Exception <a 'java/lang/IncompatibleClassChangeError'{0x00000000eb0dc518}: Found class java.lang.Object, but interface was expected> (0x00000000eb0dc518) 
thrown [s\src\hotspot\share\interpreter\linkResolver.cpp, line 840]
Event: 58.730 Thread 0x000002d957697520 Exception <a 'java/lang/IncompatibleClassChangeError'{0x00000000ebba00a8}: Found class java.lang.Object, but interface was expected> (0x00000000ebba00a8) 
thrown [s\src\hotspot\share\interpreter\linkResolver.cpp, line 840]
Event: 58.917 Thread 0x000002d957697520 Exception <a 'java/lang/IncompatibleClassChangeError'{0x00000000eab3b268}: Found class java.lang.Object, but interface was expected> (0x00000000eab3b268) 
thrown [s\src\hotspot\share\interpreter\linkResolver.cpp, line 840]
Event: 58.994 Thread 0x000002d957699c80 Exception <a 'java/lang/ArrayIndexOutOfBoundsException'{0x00000000eae92518}: Index 1472 out of bounds for length 1472> (0x00000000eae92518) 
thrown [s\src\hotspot\share\interpreter\interpreterRuntime.cpp, line 439]

ZGC Phase Switch (0 events):
No events

VM Operations (20 events):
Event: 58.977 Executing VM operation: HandshakeAllThreads (Deoptimize)
Event: 58.977 Executing VM operation: HandshakeAllThreads (Deoptimize) done
Event: 58.981 Executing VM operation: HandshakeAllThreads (Deoptimize)
Event: 58.983 Executing VM operation: HandshakeAllThreads (Deoptimize) done
Event: 59.986 Executing VM operation: Cleanup
Event: 59.986 Executing VM operation: Cleanup done
Event: 60.157 Executing VM operation: HandshakeAllThreads (HandshakeForDeflation)
Event: 60.157 Executing VM operation: HandshakeAllThreads (HandshakeForDeflation) done
Event: 60.157 Executing VM operation: RendezvousGCThreads
Event: 60.157 Executing VM operation: RendezvousGCThreads done
Event: 64.146 Executing VM operation: HandshakeAllThreads (Deoptimize)
Event: 64.147 Executing VM operation: HandshakeAllThreads (Deoptimize) done
Event: 64.147 Executing VM operation: Cleanup
Event: 64.147 Executing VM operation: Cleanup done
Event: 65.160 Executing VM operation: Cleanup
Event: 65.160 Executing VM operation: Cleanup done
Event: 66.160 Executing VM operation: Cleanup
Event: 66.160 Executing VM operation: Cleanup done
Event: 66.430 Executing VM operation: ParallelGCFailedAllocation (Allocation Failure)
Event: 66.831 Executing VM operation: ParallelGCFailedAllocation (Allocation Failure) done

Memory protections (0 events):
No events

Nmethod flushes (20 events):
Event: 22.987 Thread 0x000002d97e2d4490 flushing  nmethod 0x000002d900450590
Event: 22.987 Thread 0x000002d97e2d4490 flushing  nmethod 0x000002d90045ab90
Event: 22.987 Thread 0x000002d97e2d4490 flushing  nmethod 0x000002d900476410
Event: 22.987 Thread 0x000002d97e2d4490 flushing  nmethod 0x000002d900476790
Event: 22.987 Thread 0x000002d97e2d4490 flushing  nmethod 0x000002d900476b90
Event: 22.987 Thread 0x000002d97e2d4490 flushing  nmethod 0x000002d900477590
Event: 22.987 Thread 0x000002d97e2d4490 flushing  nmethod 0x000002d90047c210
Event: 22.987 Thread 0x000002d97e2d4490 flushing  nmethod 0x000002d900487e90
Event: 22.987 Thread 0x000002d97e2d4490 flushing  nmethod 0x000002d900488910
Event: 22.987 Thread 0x000002d97e2d4490 flushing  nmethod 0x000002d900491c90
Event: 22.987 Thread 0x000002d97e2d4490 flushing  nmethod 0x000002d900498110
Event: 22.987 Thread 0x000002d97e2d4490 flushing  nmethod 0x000002d900498610
Event: 22.987 Thread 0x000002d97e2d4490 flushing  nmethod 0x000002d90049b010
Event: 22.987 Thread 0x000002d97e2d4490 flushing  nmethod 0x000002d90049cf90
Event: 22.987 Thread 0x000002d97e2d4490 flushing  nmethod 0x000002d90049e510
Event: 22.987 Thread 0x000002d97e2d4490 flushing  nmethod 0x000002d9004c7a90
Event: 22.987 Thread 0x000002d97e2d4490 flushing osr nmethod 0x000002d9004fed10
Event: 22.987 Thread 0x000002d97e2d4490 flushing  nmethod 0x000002d90053ec90
Event: 22.987 Thread 0x000002d97e2d4490 flushing  nmethod 0x000002d90055e410
Event: 22.987 Thread 0x000002d97e2d4490 flushing  nmethod 0x000002d900565b90

Events (20 events):
Event: 44.653 Thread 0x000002d958803ab0 Thread exited: 0x000002d958803ab0
Event: 44.660 Thread 0x000002d95816d250 Thread exited: 0x000002d95816d250
Event: 44.848 Thread 0x000002d97e300ee0 Thread added: 0x000002d962700530
Event: 45.047 Thread 0x000002d962700530 Thread exited: 0x000002d962700530
Event: 45.170 Thread 0x000002d97e315910 Thread added: 0x000002d95816d250
Event: 45.202 Thread 0x000002d97e315910 Thread added: 0x000002d9621c0900
Event: 46.555 Thread 0x000002d9621c0900 Thread exited: 0x000002d9621c0900
Event: 46.555 Thread 0x000002d95816d250 Thread exited: 0x000002d95816d250
Event: 52.498 Thread 0x000002d97e300ee0 Thread added: 0x000002d95816d250
Event: 52.779 Thread 0x000002d95816d250 Thread exited: 0x000002d95816d250
Event: 52.894 Thread 0x000002d97e315910 Thread added: 0x000002d9583023d0
Event: 53.148 Thread 0x000002d956d16290 Thread added: 0x000002d95769eb40
Event: 54.150 Thread 0x000002d9583023d0 Thread exited: 0x000002d9583023d0
Event: 59.065 Thread 0x000002d97e315910 Thread added: 0x000002d9621c0900
Event: 59.091 Thread 0x000002d97e315910 Thread added: 0x000002d956fbb6f0
Event: 59.316 Thread 0x000002d956fbb6f0 Thread exited: 0x000002d956fbb6f0
Event: 63.789 Thread 0x000002d9621c0900 Thread exited: 0x000002d9621c0900
Event: 65.517 Thread 0x000002d956f807f0 Thread added: 0x000002d9563a1a30
Event: 65.650 Thread 0x000002d97e315910 Thread added: 0x000002d957af5560
Event: 66.864 Thread 0x000002d97e315910 Thread added: 0x000002d9622cf8f0


Dynamic libraries:
0x00007ff75d2a0000 - 0x00007ff75d2ae000 	c:\Users\parim\.vscode\extensions\redhat.java-1.40.0-win32-x64\jre\21.0.6-win32-x86_64\bin\java.exe
0x00007ff8f9360000 - 0x00007ff8f95c3000 	C:\WINDOWS\SYSTEM32\ntdll.dll
0x00007ff8f9020000 - 0x00007ff8f90e7000 	C:\WINDOWS\System32\KERNEL32.DLL
0x00007ff8f68d0000 - 0x00007ff8f6c99000 	C:\WINDOWS\System32\KERNELBASE.dll
0x00007ff8f66c0000 - 0x00007ff8f680c000 	C:\WINDOWS\System32\ucrtbase.dll
0x00007ff8da240000 - 0x00007ff8da258000 	c:\Users\parim\.vscode\extensions\redhat.java-1.40.0-win32-x64\jre\21.0.6-win32-x86_64\bin\jli.dll
0x00007ff8cca80000 - 0x00007ff8cca9e000 	c:\Users\parim\.vscode\extensions\redhat.java-1.40.0-win32-x64\jre\21.0.6-win32-x86_64\bin\VCRUNTIME140.dll
0x00007ff8f8cf0000 - 0x00007ff8f8eba000 	C:\WINDOWS\System32\USER32.dll
0x00007ff8d3760000 - 0x00007ff8d39f0000 	C:\WINDOWS\WinSxS\amd64_microsoft.windows.common-controls_6595b64144ccf1df_6.0.26100.3323_none_3e088096e3344490\COMCTL32.dll
0x00007ff8f6600000 - 0x00007ff8f6627000 	C:\WINDOWS\System32\win32u.dll
0x00007ff8f7230000 - 0x00007ff8f725a000 	C:\WINDOWS\System32\GDI32.dll
0x00007ff8f6f90000 - 0x00007ff8f70c1000 	C:\WINDOWS\System32\gdi32full.dll
0x00007ff8f7180000 - 0x00007ff8f7229000 	C:\WINDOWS\System32\msvcrt.dll
0x00007ff8f70d0000 - 0x00007ff8f7173000 	C:\WINDOWS\System32\msvcp_win.dll
0x00007ff8f7d80000 - 0x00007ff8f7daf000 	C:\WINDOWS\System32\IMM32.DLL
0x00007ff8e2ed0000 - 0x00007ff8e2edc000 	c:\Users\parim\.vscode\extensions\redhat.java-1.40.0-win32-x64\jre\21.0.6-win32-x86_64\bin\vcruntime140_1.dll
0x00007ff8b6500000 - 0x00007ff8b658d000 	c:\Users\parim\.vscode\extensions\redhat.java-1.40.0-win32-x64\jre\21.0.6-win32-x86_64\bin\msvcp140.dll
0x00007ff879430000 - 0x00007ff87a1c0000 	c:\Users\parim\.vscode\extensions\redhat.java-1.40.0-win32-x64\jre\21.0.6-win32-x86_64\bin\server\jvm.dll
0x00007ff8f8110000 - 0x00007ff8f81c2000 	C:\WINDOWS\System32\ADVAPI32.dll
0x00007ff8f8f70000 - 0x00007ff8f9016000 	C:\WINDOWS\System32\sechost.dll
0x00007ff8f91a0000 - 0x00007ff8f92b6000 	C:\WINDOWS\System32\RPCRT4.dll
0x00007ff8f8330000 - 0x00007ff8f83a4000 	C:\WINDOWS\System32\WS2_32.dll
0x00007ff8f6410000 - 0x00007ff8f645e000 	C:\WINDOWS\SYSTEM32\POWRPROF.dll
0x00007ff8eb0b0000 - 0x00007ff8eb0e6000 	C:\WINDOWS\SYSTEM32\WINMM.dll
0x00007ff8f50b0000 - 0x00007ff8f50bb000 	C:\WINDOWS\SYSTEM32\VERSION.dll
0x00007ff8f63f0000 - 0x00007ff8f6404000 	C:\WINDOWS\SYSTEM32\UMPDC.dll
0x00007ff8f5350000 - 0x00007ff8f536a000 	C:\WINDOWS\SYSTEM32\kernel.appcore.dll
0x00007ff8da230000 - 0x00007ff8da23a000 	c:\Users\parim\.vscode\extensions\redhat.java-1.40.0-win32-x64\jre\21.0.6-win32-x86_64\bin\jimage.dll
0x00007ff8f3c00000 - 0x00007ff8f3e41000 	C:\WINDOWS\SYSTEM32\DBGHELP.DLL
0x00007ff8f7910000 - 0x00007ff8f7c92000 	C:\WINDOWS\System32\combase.dll
0x00007ff8f7ca0000 - 0x00007ff8f7d76000 	C:\WINDOWS\System32\OLEAUT32.dll
0x00007ff8ced90000 - 0x00007ff8cedc9000 	C:\WINDOWS\SYSTEM32\dbgcore.DLL
0x00007ff8f6560000 - 0x00007ff8f65f9000 	C:\WINDOWS\System32\bcryptPrimitives.dll
0x00007ff8f2e20000 - 0x00007ff8f2e2f000 	c:\Users\parim\.vscode\extensions\redhat.java-1.40.0-win32-x64\jre\21.0.6-win32-x86_64\bin\instrument.dll
0x00007ff8c9470000 - 0x00007ff8c948f000 	c:\Users\parim\.vscode\extensions\redhat.java-1.40.0-win32-x64\jre\21.0.6-win32-x86_64\bin\java.dll
0x00007ff8f84d0000 - 0x00007ff8f8be5000 	C:\WINDOWS\System32\SHELL32.dll
0x00007ff8f6e20000 - 0x00007ff8f6f88000 	C:\WINDOWS\System32\wintypes.dll
0x00007ff8f3f30000 - 0x00007ff8f4775000 	C:\WINDOWS\SYSTEM32\windows.storage.dll
0x00007ff8f8000000 - 0x00007ff8f80eb000 	C:\WINDOWS\System32\SHCORE.dll
0x00007ff8f7fa0000 - 0x00007ff8f7ffd000 	C:\WINDOWS\System32\shlwapi.dll
0x00007ff8f6470000 - 0x00007ff8f649f000 	C:\WINDOWS\SYSTEM32\profapi.dll
0x00007ff8c20f0000 - 0x00007ff8c2108000 	c:\Users\parim\.vscode\extensions\redhat.java-1.40.0-win32-x64\jre\21.0.6-win32-x86_64\bin\zip.dll
0x00007ff8d9b60000 - 0x00007ff8d9b70000 	C:\Users\parim\.vscode\extensions\redhat.java-1.40.0-win32-x64\jre\21.0.6-win32-x86_64\bin\net.dll
0x00007ff8eaf80000 - 0x00007ff8eb09e000 	C:\WINDOWS\SYSTEM32\WINHTTP.dll
0x00007ff8f5880000 - 0x00007ff8f58ea000 	C:\WINDOWS\system32\mswsock.dll
0x00007ff8c20d0000 - 0x00007ff8c20e6000 	C:\Users\parim\.vscode\extensions\redhat.java-1.40.0-win32-x64\jre\21.0.6-win32-x86_64\bin\nio.dll
0x00007ff8f2e10000 - 0x00007ff8f2e20000 	c:\Users\parim\.vscode\extensions\redhat.java-1.40.0-win32-x64\jre\21.0.6-win32-x86_64\bin\verify.dll
0x00007ff8b8770000 - 0x00007ff8b87b5000 	C:\Users\parim\AppData\Roaming\Code\User\globalStorage\redhat.java\1.40.0\config_ss_win\org.eclipse.equinox.launcher\org.eclipse.equinox.launcher.win32.win32.x86_64_1.2.1200.v20250212-0927\eclipse_11909.dll
0x00007ff8f7770000 - 0x00007ff8f7905000 	C:\WINDOWS\System32\ole32.dll
0x00007ff8d3b20000 - 0x00007ff8d3b2a000 	C:\Users\parim\.vscode\extensions\redhat.java-1.40.0-win32-x64\jre\21.0.6-win32-x86_64\bin\management.dll
0x00007ff8d2e40000 - 0x00007ff8d2e4b000 	C:\Users\parim\.vscode\extensions\redhat.java-1.40.0-win32-x64\jre\21.0.6-win32-x86_64\bin\management_ext.dll
0x00007ff8f7760000 - 0x00007ff8f7768000 	C:\WINDOWS\System32\PSAPI.DLL
0x00007ff8f5b40000 - 0x00007ff8f5b5c000 	C:\WINDOWS\SYSTEM32\CRYPTSP.dll
0x00007ff8f52b0000 - 0x00007ff8f52ea000 	C:\WINDOWS\system32\rsaenh.dll
0x00007ff8f5940000 - 0x00007ff8f596b000 	C:\WINDOWS\SYSTEM32\USERENV.dll
0x00007ff8f5d80000 - 0x00007ff8f5da6000 	C:\WINDOWS\SYSTEM32\bcrypt.dll
0x00007ff8f5b60000 - 0x00007ff8f5b6c000 	C:\WINDOWS\SYSTEM32\CRYPTBASE.dll
0x00007ff8f4a60000 - 0x00007ff8f4a93000 	C:\WINDOWS\SYSTEM32\IPHLPAPI.DLL
0x00007ff8f7700000 - 0x00007ff8f770a000 	C:\WINDOWS\System32\NSI.dll
0x00007ff8b5e30000 - 0x00007ff8b5e79000 	C:\Users\parim\AppData\Local\Temp\jna-106436997\jna17429343007704300674.dll
0x00007ff8ed1b0000 - 0x00007ff8ed1cf000 	C:\WINDOWS\SYSTEM32\dhcpcsvc6.DLL
0x00007ff8ed0e0000 - 0x00007ff8ed105000 	C:\WINDOWS\SYSTEM32\dhcpcsvc.DLL

dbghelp: loaded successfully - version: 4.0.5 - missing functions: none
symbol engine: initialized successfully - sym options: 0x614 - pdb path: .;c:\Users\parim\.vscode\extensions\redhat.java-1.40.0-win32-x64\jre\21.0.6-win32-x86_64\bin;C:\WINDOWS\SYSTEM32;C:\WINDOWS\WinSxS\amd64_microsoft.windows.common-controls_6595b64144ccf1df_6.0.26100.3323_none_3e088096e3344490;c:\Users\parim\.vscode\extensions\redhat.java-1.40.0-win32-x64\jre\21.0.6-win32-x86_64\bin\server;C:\Users\parim\AppData\Roaming\Code\User\globalStorage\redhat.java\1.40.0\config_ss_win\org.eclipse.equinox.launcher\org.eclipse.equinox.launcher.win32.win32.x86_64_1.2.1200.v20250212-0927;C:\Users\parim\AppData\Local\Temp\jna-106436997

VM Arguments:
jvm_args: --add-modules=ALL-SYSTEM --add-opens=java.base/java.util=ALL-UNNAMED --add-opens=java.base/java.lang=ALL-UNNAMED --add-opens=java.base/sun.nio.fs=ALL-UNNAMED -Declipse.application=org.eclipse.jdt.ls.core.id1 -Dosgi.bundles.defaultStartLevel=4 -Declipse.product=org.eclipse.jdt.ls.core.product -Djava.import.generatesMetadataFilesAtProjectRoot=false -DDetectVMInstallationsJob.disabled=true -Dfile.encoding=utf8 -XX:+UseParallelGC -XX:GCTimeRatio=4 -XX:AdaptiveSizePolicyWeight=90 -Dsun.zip.disableMemoryMapping=true -Xmx1G -Xms100m -Xlog:disable -javaagent:c:\Users\parim\.vscode\extensions\redhat.java-1.40.0-win32-x64\lombok\lombok-1.18.36.jar 
java_command: c:\Users\parim\.vscode\extensions\redhat.java-1.40.0-win32-x64\server\plugins\org.eclipse.equinox.launcher_1.6.1000.v20250131-0606.jar -configuration c:\Users\parim\AppData\Roaming\Code\User\globalStorage\redhat.java\1.40.0\config_ss_win -data c:\Users\parim\AppData\Roaming\Code\User\workspaceStorage\9768184ae2d1a726a8e8038e39d8abdd\redhat.java\ss_ws --pipe=\\.\pipe\lsp-8e7f5a1f55f547472ac3436ae5d1983b-sock
java_class_path (initial): c:\Users\parim\.vscode\extensions\redhat.java-1.40.0-win32-x64\server\plugins\org.eclipse.equinox.launcher_1.6.1000.v20250131-0606.jar
Launcher Type: SUN_STANDARD

[Global flags]
    uintx AdaptiveSizePolicyWeight                 = 90                                        {product} {command line}
     intx CICompilerCount                          = 4                                         {product} {ergonomic}
    uintx GCTimeRatio                              = 4                                         {product} {command line}
   size_t InitialHeapSize                          = 104857600                                 {product} {command line}
   size_t MaxHeapSize                              = 1073741824                                {product} {command line}
   size_t MaxNewSize                               = 357564416                                 {product} {ergonomic}
   size_t MinHeapDeltaBytes                        = 524288                                    {product} {ergonomic}
   size_t MinHeapSize                              = 104857600                                 {product} {command line}
   size_t NewSize                                  = 34603008                                  {product} {ergonomic}
    uintx NonNMethodCodeHeapSize                   = 5839372                                {pd product} {ergonomic}
    uintx NonProfiledCodeHeapSize                  = 122909434                              {pd product} {ergonomic}
   size_t OldSize                                  = 70254592                                  {product} {ergonomic}
    uintx ProfiledCodeHeapSize                     = 122909434                              {pd product} {ergonomic}
    uintx ReservedCodeCacheSize                    = 251658240                              {pd product} {ergonomic}
     bool SegmentedCodeCache                       = true                                      {product} {ergonomic}
   size_t SoftMaxHeapSize                          = 1073741824                             {manageable} {ergonomic}
     bool UseCompressedOops                        = true                           {product lp64_product} {ergonomic}
     bool UseLargePagesIndividualAllocation        = false                                  {pd product} {ergonomic}
     bool UseParallelGC                            = true                                      {product} {command line}

Logging:
Log output configuration:
 #0: stdout all=off uptime,level,tags foldmultilines=false
 #1: stderr all=off uptime,level,tags foldmultilines=false

Environment Variables:
JAVA_HOME=C:\Program Files\Microsoft\jdk-17.0.11.9-hotspot
PATH=C:\Program Files\Microsoft\jdk-17.0.11.9-hotspot\bin;C:\Program Files\Common Files\Oracle\Java\javapath;C:\Program Files (x86)\Common Files\Oracle\Java\javapath;C:\Python310\Scripts\;C:\Python310\;C:\WINDOWS\system32;C:\WINDOWS;C:\WINDOWS\System32\Wbem;C:\WINDOWS\System32\WindowsPowerShell\v1.0\;C:\WINDOWS\System32\OpenSSH\;D:\nishkaiv\Softwares\Putty\;D:\nishkaiv\Softwares\AmazonAWS\;C:\Program Files\Git\cmd;C:\Program Files\MongoDB\Server\7.0\bin;C:\Program Files\MySQL\MySQL Server 8.0\bin;C:\Program Files\Docker\Docker\resources\bin;C:\Program Files\Java\jdk-22\bin;C:\Users\parim\AppData\Local\Android\Sdk\platform-tools;C:\Program Files\apache-maven-3.9.8\bin;C:\Program Files\dotnet\;C:\Program Files\Microsoft\jdk-17.0.11.9-hotspot\bin;C:\ProgramData\chocolatey\bin;C:\Users\parim\AppData\Local\nvm;C:\nvm4w\nodejs;C:\Program Files\nodejs\;D:\nishkaiv\Softwares\Scripts\;D:\nishkaiv\Softwares\;C:\Users\parim\AppData\Local\Microsoft\WindowsApps;C:\Program Files (x86)\Sophos\Sophos SSL VPN Client\bin;D:\nishkaiv\Softwares\Microsoft VS Code\bin;D:\nishkaiv\Softwares\apache-maven-3.9.1-bin\apache-maven-3.9.1\bin;C:\Users\parim\AppData\Local\GitHubDesktop\bin;C:\Program Files\Java\jdk-22\bin;C:\Users\parim\OneDrive\Documents\flutter\bin;C:\Program Files\Microsoft\jdk-17.0.11.9-hotspot;C:\Users\parim\AppData\Local\nvm;C:\nvm4w\nodejs;C:\Users\parim\AppData\Roaming\npm
USERNAME=parim
OS=Windows_NT
PROCESSOR_IDENTIFIER=Intel64 Family 6 Model 140 Stepping 1, GenuineIntel
TMP=C:\Users\parim\AppData\Local\Temp
TEMP=C:\Users\parim\AppData\Local\Temp




Periodic native trim disabled

---------------  S Y S T E M  ---------------

OS:
 Windows 11 , 64 bit Build 26100 (10.0.26100.3323)
OS uptime: 1 days 11:39 hours
Hyper-V role detected

CPU: total 8 (initial active 8) (4 cores per cpu, 2 threads per core) family 6 model 140 stepping 1 microcode 0xa4, cx8, cmov, fxsr, ht, mmx, 3dnowpref, sse, sse2, sse3, ssse3, sse4.1, sse4.2, popcnt, lzcnt, tsc, tscinvbit, avx, avx2, aes, erms, clmul, bmi1, bmi2, adx, avx512f, avx512dq, avx512cd, avx512bw, avx512vl, sha, fma, vzeroupper, avx512_vpopcntdq, avx512_vpclmulqdq, avx512_vaes, avx512_vnni, clflush, clflushopt, clwb, avx512_vbmi2, avx512_vbmi, hv, rdtscp, rdpid, fsrm, gfni, avx512_bitalg, f16c, cet_ibt, cet_ss, avx512_ifma
Processor Information for processor 0
  Max Mhz: 2419, Current Mhz: 2419, Mhz Limit: 2419
Processor Information for processor 1
  Max Mhz: 2419, Current Mhz: 2419, Mhz Limit: 2419
Processor Information for processor 2
  Max Mhz: 2419, Current Mhz: 2419, Mhz Limit: 2419
Processor Information for processor 3
  Max Mhz: 2419, Current Mhz: 1007, Mhz Limit: 2419
Processor Information for processor 4
  Max Mhz: 2419, Current Mhz: 2419, Mhz Limit: 2419
Processor Information for processor 5
  Max Mhz: 2419, Current Mhz: 2419, Mhz Limit: 2419
Processor Information for processor 6
  Max Mhz: 2419, Current Mhz: 2419, Mhz Limit: 2419
Processor Information for processor 7
  Max Mhz: 2419, Current Mhz: 2419, Mhz Limit: 2419

Memory: 4k page, system-wide physical 16149M (1343M free)
TotalPageFile size 40725M (AvailPageFile size 413M)
current process WorkingSet (physical memory assigned to process): 215M, peak: 241M
current process commit charge ("private bytes"): 285M, peak: 313M

vm_info: OpenJDK 64-Bit Server VM (21.0.6+7-LTS) for windows-amd64 JRE (21.0.6+7-LTS), built on 2025-01-21T00:00:00Z by "admin" with MS VC++ 17.7 (VS2022)

END.
